<?xml version="1.0" encoding="UTF-8"?>
<testsuite name="com.sample.SampleTest" tests="3" skipped="0" failures="0" errors="0" timestamp="2021-07-28T06:32:47" hostname="Swamy-MBP-work.local" time="0.004">
  <properties/>
  <testcase name="testAdd" classname="com.sample.SampleTest" time="0.003"/>
  <testcase name="testAdd1" classname="com.sample.SampleTest" time="0.0"/>
  <testcase name="testAdd3" classname="com.sample.SampleTest" time="0.0"/>
  <system-out><![CDATA[]]></system-out>
  <system-err><![CDATA[]]></system-err>
</testsuite>
